0 info it worked if it ends with ok
1 verbose cli [ '/var/jenkins_home/tools/jenkins.plugins.nodejs.tools.NodeJSInstallation/NodeJS_11.10.1/bin/node',
1 verbose cli   '/var/jenkins_home/tools/jenkins.plugins.nodejs.tools.NodeJSInstallation/NodeJS_11.10.1/bin/npm',
1 verbose cli   'run',
1 verbose cli   'test' ]
2 info using npm@6.8.0
3 info using node@v11.10.1
4 verbose run-script [ 'pretest', 'test', 'posttest' ]
5 info lifecycle giphy-js@1.0.0~pretest: giphy-js@1.0.0
6 info lifecycle giphy-js@1.0.0~test: giphy-js@1.0.0
7 verbose lifecycle giphy-js@1.0.0~test: unsafe-perm in lifecycle true
8 verbose lifecycle giphy-js@1.0.0~test: PATH: /var/jenkins_home/tools/jenkins.plugins.nodejs.tools.NodeJSInstallation/NodeJS_11.10.1/lib/node_modules/npm/node_modules/npm-lifecycle/node-gyp-bin:/var/jenkins_home/workspace/Giphy-JS/node_modules/.bin:/var/jenkins_home/tools/jenkins.plugins.nodejs.tools.NodeJSInstallation/NodeJS_11.10.1/bin:/usr/local/sbin:/usr/local/bin:/usr/sbin:/usr/bin:/sbin:/bin
9 verbose lifecycle giphy-js@1.0.0~test: CWD: /var/jenkins_home/workspace/Giphy-JS
10 silly lifecycle giphy-js@1.0.0~test: Args: [ '-c',
10 silly lifecycle   'NODE_ENV=test mocha --timeout 5s src/test/*.test.js --exit' ]
11 silly lifecycle giphy-js@1.0.0~test: Returned: code: 2  signal: null
12 info lifecycle giphy-js@1.0.0~test: Failed to exec test script
13 verbose stack Error: giphy-js@1.0.0 test: `NODE_ENV=test mocha --timeout 5s src/test/*.test.js --exit`
13 verbose stack Exit status 2
13 verbose stack     at EventEmitter.<anonymous> (/var/jenkins_home/tools/jenkins.plugins.nodejs.tools.NodeJSInstallation/NodeJS_11.10.1/lib/node_modules/npm/node_modules/npm-lifecycle/index.js:301:16)
13 verbose stack     at EventEmitter.emit (events.js:197:13)
13 verbose stack     at ChildProcess.<anonymous> (/var/jenkins_home/tools/jenkins.plugins.nodejs.tools.NodeJSInstallation/NodeJS_11.10.1/lib/node_modules/npm/node_modules/npm-lifecycle/lib/spawn.js:55:14)
13 verbose stack     at ChildProcess.emit (events.js:197:13)
13 verbose stack     at maybeClose (internal/child_process.js:984:16)
13 verbose stack     at Process.ChildProcess._handle.onexit (internal/child_process.js:265:5)
14 verbose pkgid giphy-js@1.0.0
15 verbose cwd /var/jenkins_home/workspace/Giphy-JS
16 verbose Linux 4.9.125-linuxkit
17 verbose argv "/var/jenkins_home/tools/jenkins.plugins.nodejs.tools.NodeJSInstallation/NodeJS_11.10.1/bin/node" "/var/jenkins_home/tools/jenkins.plugins.nodejs.tools.NodeJSInstallation/NodeJS_11.10.1/bin/npm" "run" "test"
18 verbose node v11.10.1
19 verbose npm  v6.8.0
20 error code ELIFECYCLE
21 error errno 2
22 error giphy-js@1.0.0 test: `NODE_ENV=test mocha --timeout 5s src/test/*.test.js --exit`
22 error Exit status 2
23 error Failed at the giphy-js@1.0.0 test script.
23 error This is probably not a problem with npm. There is likely additional logging output above.
24 verbose exit [ 2, true ]
