--- Copying files at Wed Mar  6 12:38:23 UTC 2019
INSTALLED init.groovy.d/tcp-slave-agent-port.groovy
INSTALLED plugins/antisamy-markup-formatter.jpi : 1.5
INSTALLED plugins/pipeline-milestone-step.jpi : 1.3.1
INSTALLED plugins/yaml-axis.jpi : 0.2.0
INSTALLED plugins/next-executions.jpi : 1.0.12
INSTALLED plugins/jenkinswalldisplay.jpi : 0.6.34
INSTALLED plugins/workflow-basic-steps.jpi : 2.14
INSTALLED plugins/parameterized-trigger.jpi : 2.35.2
INSTALLED plugins/greenballs.jpi : 1.15
INSTALLED plugins/cloudbees-bitbucket-branch-source.jpi : 2.4.1
INSTALLED plugins/ssh-slaves.jpi : 1.29.4
INSTALLED plugins/windmill.jpi : 1.5
INSTALLED plugins/maven-info.jpi : 0.2.0
INSTALLED plugins/ssh-agent.jpi : 1.17
INSTALLED plugins/delivery-pipeline-plugin.jpi : 1.3.2
INSTALLED plugins/blueocean-jira.jpi : 1.11.1
INSTALLED plugins/blueocean-config.jpi : 1.11.1
INSTALLED plugins/blueocean-rest.jpi : 1.11.1
INSTALLED plugins/htmlpublisher.jpi : 1.18
INSTALLED plugins/run-condition.jpi : 1.2
INSTALLED plugins/collapsing-console-sections.jpi : 1.7.0
INSTALLED plugins/maven-plugin.jpi : 3.2
INSTALLED plugins/javadoc.jpi : 1.4
INSTALLED plugins/credentials.jpi : 2.1.18
INSTALLED plugins/workflow-multibranch.jpi : 2.20
INSTALLED plugins/blueocean-pipeline-scm-api.jpi : 1.11.1
INSTALLED plugins/all-changes.jpi : 1.5
INSTALLED plugins/blueocean.jpi : 1.11.1
INSTALLED plugins/mapdb-api.jpi : 1.0.9.0
INSTALLED plugins/blueocean-i18n.jpi : 1.11.1
INSTALLED plugins/email-ext.jpi : 2.63
INSTALLED plugins/blueocean-jwt.jpi : 1.11.1
INSTALLED plugins/mercurial.jpi : 2.5
INSTALLED plugins/doxygen.jpi : 0.18
INSTALLED plugins/matrixtieparent.jpi : 1.2
INSTALLED plugins/dependencyanalyzer.jpi : 0.7
INSTALLED plugins/disk-usage.jpi : 0.28
INSTALLED plugins/pipeline-model-definition.jpi : 1.3.4.1
INSTALLED plugins/sidebar-link.jpi : 1.11.0
INSTALLED plugins/blueocean-events.jpi : 1.11.1
INSTALLED plugins/sectioned-view.jpi : 1.25
INSTALLED plugins/handlebars.jpi : 1.1.1
INSTALLED plugins/downstream-buildview.jpi : 1.9
INSTALLED plugins/momentjs.jpi : 1.1.1
INSTALLED plugins/display-url-api.jpi : 2.3.0
INSTALLED plugins/openid.jpi : 2.3
INSTALLED plugins/external-monitor-job.jpi : 1.7
INSTALLED plugins/mailer.jpi : 1.23
INSTALLED plugins/matrix-project.jpi : 1.13
INSTALLED plugins/apache-httpcomponents-client-4-api.jpi : 4.5.5-3.0
INSTALLED plugins/branch-api.jpi : 2.1.2
INSTALLED plugins/async-http-client.jpi : 1.9.40.0
INSTALLED plugins/build-timeout.jpi : 1.19
INSTALLED plugins/BlameSubversion.jpi : 1.200
INSTALLED plugins/blueocean-bitbucket-pipeline.jpi : 1.11.1
INSTALLED plugins/doclinks.jpi : 0.6.1
INSTALLED plugins/jenkins-design-language.jpi : 1.11.1
INSTALLED plugins/pipeline-rest-api.jpi : 2.10
INSTALLED plugins/durable-task.jpi : 1.29
INSTALLED plugins/image-gallery.jpi : 1.4
INSTALLED plugins/findbugs.jpi : 5.0.0
INSTALLED plugins/ldap.jpi : 1.20
INSTALLED plugins/matrix-combinations-parameter.jpi : 1.3.0
INSTALLED plugins/dropdown-viewstabbar-plugin.jpi : 1.7
INSTALLED plugins/pipeline-stage-tags-metadata.jpi : 1.3.4.1
INSTALLED plugins/iphoneview.jpi : 0.2
INSTALLED plugins/workflow-cps.jpi : 2.63
INSTALLED plugins/code-coverage-api.jpi : 1.0.7
INSTALLED plugins/dynamic-axis.jpi : 1.0.3
INSTALLED plugins/pipeline-model-declarative-agent.jpi : 1.1.1
INSTALLED plugins/cobertura.jpi : 1.13
INSTALLED plugins/maven-deployment-linker.jpi : 1.5.1
INSTALLED plugins/blueocean-web.jpi : 1.11.1
INSTALLED plugins/config-file-provider.jpi : 3.5
INSTALLED plugins/workflow-step-api.jpi : 2.19
INSTALLED plugins/workflow-durable-task-step.jpi : 2.29
INSTALLED plugins/metrics.jpi : 4.0.2.3
INSTALLED plugins/blueocean-display-url.jpi : 2.2.0
INSTALLED plugins/pipeline-model-extensions.jpi : 1.3.4.1
INSTALLED plugins/pmd.jpi : 4.0.0
INSTALLED plugins/timestamper.jpi : 1.9
INSTALLED plugins/blueocean-autofavorite.jpi : 1.2.3
INSTALLED plugins/docker-workflow.jpi : 1.17
INSTALLED plugins/jsch.jpi : 0.1.55
INSTALLED plugins/blueocean-rest-impl.jpi : 1.11.1
INSTALLED plugins/workflow-api.jpi : 2.33
INSTALLED plugins/git-client.jpi : 2.7.6
INSTALLED plugins/nested-view.jpi : 1.17
INSTALLED plugins/workflow-aggregator.jpi : 2.6
INSTALLED plugins/show-build-parameters.jpi : 1.0
INSTALLED plugins/plain-credentials.jpi : 1.5
INSTALLED plugins/scm-api.jpi : 2.3.0
INSTALLED plugins/blueocean-dashboard.jpi : 1.11.1
INSTALLED plugins/console-column-plugin.jpi : 1.5
INSTALLED plugins/blueocean-personalization.jpi : 1.11.1
INSTALLED plugins/checkstyle.jpi : 4.0.0
INSTALLED plugins/build-pipeline-plugin.jpi : 1.5.8
INSTALLED plugins/structs.jpi : 1.17
INSTALLED plugins/git.jpi : 3.9.3
INSTALLED plugins/trilead-api.jpi : 1.0.1
INSTALLED plugins/nodelabelparameter.jpi : 1.7.2
INSTALLED plugins/depgraph-view.jpi : 0.13
INSTALLED plugins/pipeline-graph-analysis.jpi : 1.9
INSTALLED plugins/blueocean-core-js.jpi : 1.11.1
INSTALLED plugins/authentication-tokens.jpi : 1.3
INSTALLED plugins/git-server.jpi : 1.7
INSTALLED plugins/cloudbees-folder.jpi : 6.7
INSTALLED plugins/pipeline-stage-view.jpi : 2.10
INSTALLED plugins/PrioritySorter.jpi : 3.6.0
INSTALLED plugins/icon-shim.jpi : 2.0.3
INSTALLED plugins/repository-connector.jpi : 1.2.4
INSTALLED plugins/jacoco.jpi : 3.0.4
INSTALLED plugins/downstream-ext.jpi : 1.8
INSTALLED plugins/performance.jpi : 3.15
INSTALLED plugins/pam-auth.jpi : 1.4
INSTALLED plugins/analysis-core.jpi : 1.95
INSTALLED plugins/jquery.jpi : 1.12.4-0
INSTALLED plugins/blueocean-git-pipeline.jpi : 1.11.1
INSTALLED plugins/slack.jpi : 2.17
INSTALLED plugins/m2release.jpi : 0.14.0
INSTALLED plugins/conditional-buildstep.jpi : 1.3.6
INSTALLED plugins/blueocean-pipeline-api-impl.jpi : 1.11.1
INSTALLED plugins/cron_column.jpi : 1.4
INSTALLED plugins/progress-bar-column-plugin.jpi : 1.0
INSTALLED plugins/avatar.jpi : 1.2
INSTALLED plugins/sse-gateway.jpi : 1.17
INSTALLED plugins/plot.jpi : 2.1.0
INSTALLED plugins/docker-commons.jpi : 1.13
INSTALLED plugins/blueocean-pipeline-editor.jpi : 1.11.1
INSTALLED plugins/command-launcher.jpi : 1.3
INSTALLED plugins/monitoring.jpi : 1.76.0
INSTALLED plugins/nodejs.jpi : 1.2.7
INSTALLED plugins/swarm.jpi : 3.15
INSTALLED plugins/subversion.jpi : 2.12.1
INSTALLED plugins/github.jpi : 1.29.4
INSTALLED plugins/workflow-support.jpi : 3.2
INSTALLED plugins/flashlog-plugin.jpi : 1.0
INSTALLED plugins/matrix-auth.jpi : 2.3
INSTALLED plugins/log-parser.jpi : 2.0
INSTALLED plugins/jira.jpi : 3.0.5
INSTALLED plugins/trac.jpi : 1.13
INSTALLED plugins/convert-to-pipeline.jpi : 1.0
INSTALLED plugins/variant.jpi : 1.2
INSTALLED plugins/violations.jpi : 0.7.11
INSTALLED plugins/credentials-binding.jpi : 1.17
INSTALLED plugins/token-macro.jpi : 2.6
INSTALLED plugins/redmine.jpi : 0.21
INSTALLED plugins/script-security.jpi : 1.52
INSTALLED plugins/pipeline-build-step.jpi : 2.7
INSTALLED plugins/compact-columns.jpi : 1.10
INSTALLED plugins/workflow-job.jpi : 2.31
INSTALLED plugins/ant.jpi : 1.9
INSTALLED plugins/warnings.jpi : 5.0.1
INSTALLED plugins/tasks.jpi : 4.53
INSTALLED plugins/warnings-ng.jpi : 3.0.1
INSTALLED plugins/sonar.jpi : 2.8.1
INSTALLED plugins/bouncycastle-api.jpi : 2.17
INSTALLED plugins/github-api.jpi : 1.95
INSTALLED plugins/matrix-groovy-execution-strategy.jpi : 1.0.7
INSTALLED plugins/jquery-detached.jpi : 1.2.1
INSTALLED plugins/openid4java.jpi : 0.9.8.0
INSTALLED plugins/thinBackup.jpi : 1.9
INSTALLED plugins/basic-branch-build-strategies.jpi : 1.1.1
INSTALLED plugins/workflow-cps-global-lib.jpi : 2.13
INSTALLED plugins/jquery-ui.jpi : 1.0.2
INSTALLED plugins/python.jpi : 1.3
INSTALLED plugins/pipeline-stage-step.jpi : 2.3
INSTALLED plugins/scm-sync-configuration.jpi : 0.0.10
INSTALLED plugins/shiningpanda.jpi : 0.24
INSTALLED plugins/cvs.jpi : 2.14
INSTALLED plugins/junit.jpi : 1.27
INSTALLED plugins/blueocean-commons.jpi : 1.11.1
INSTALLED plugins/analysis-model-api.jpi : 2.1.2
INSTALLED plugins/seleniumhq.jpi : 0.4
INSTALLED plugins/github-branch-source.jpi : 2.4.2
INSTALLED plugins/workflow-scm-step.jpi : 2.7
INSTALLED plugins/embeddable-build-status.jpi : 1.9
INSTALLED plugins/groovy-label-assignment.jpi : 1.2.0
INSTALLED plugins/jdk-tool.jpi : 1.2
INSTALLED plugins/ace-editor.jpi : 1.1
INSTALLED plugins/dry.jpi : 3.0.0
INSTALLED plugins/dashboard-view.jpi : 2.10
INSTALLED plugins/github-issues.jpi : 1.2.4
INSTALLED plugins/project-stats-plugin.jpi : 0.4
INSTALLED plugins/matrix-reloaded.jpi : 1.1.3
INSTALLED plugins/pipeline-input-step.jpi : 2.9
INSTALLED plugins/instant-messaging.jpi : 1.35
INSTALLED plugins/pubsub-light.jpi : 1.12
INSTALLED plugins/jackson2-api.jpi : 2.9.8
INSTALLED plugins/analysis-collector.jpi : 2.0.0
INSTALLED plugins/windows-slaves.jpi : 1.4
INSTALLED plugins/blueocean-github-pipeline.jpi : 1.11.1
INSTALLED plugins/pipeline-aggregator-view.jpi : 1.8
INSTALLED plugins/ssh-credentials.jpi : 1.14
INSTALLED plugins/translation.jpi : 1.16
INSTALLED plugins/favorite.jpi : 2.3.2
INSTALLED plugins/lockable-resources.jpi : 2.4
INSTALLED plugins/pipeline-model-api.jpi : 1.3.4.1
INSTALLED plugins/handy-uri-templates-2-api.jpi : 2.1.6-1.0
INSTALLED plugins/github-oauth.jpi : 0.31
INSTALLED plugins/Matrix-sorter-plugin.jpi : 1.3
INSTALLED plugins.txt
--- Copying files at Wed Mar  6 14:34:52 UTC 2019
SKIPPED plugins/email-ext.jpi : Installed version (2.64) has been manually upgraded from initial version (2.63)
SKIPPED plugins/credentials-binding.jpi : Installed version (1.18) has been manually upgraded from initial version (1.17)
